D:\GITHUB\PIECEOFCAKEENGINE\PIECEOFCAKEENGINE\SDLTESTE\DEBUG\MAIN.OBJ
D:\GITHUB\PIECEOFCAKEENGINE\PIECEOFCAKEENGINE\SDLTESTE\DEBUG\PCENGINE.OBJ
D:\GITHUB\PIECEOFCAKEENGINE\PIECEOFCAKEENGINE\SDLTESTE\DEBUG\PCEVENT.OBJ
D:\GITHUB\PIECEOFCAKEENGINE\PIECEOFCAKEENGINE\SDLTESTE\DEBUG\PCSIZE.OBJ
D:\GITHUB\PIECEOFCAKEENGINE\PIECEOFCAKEENGINE\SDLTESTE\DEBUG\PCSPRITE.OBJ
D:\GITHUB\PIECEOFCAKEENGINE\PIECEOFCAKEENGINE\SDLTESTE\DEBUG\PCVEC2D.OBJ
D:\GITHUB\PIECEOFCAKEENGINE\PIECEOFCAKEENGINE\SDLTESTE\DEBUG\TICTACTOE.OBJ
D:\GITHUB\PIECEOFCAKEENGINE\PIECEOFCAKEENGINE\SDLTESTE\DEBUG\VC110.PDB
D:\GITHUB\PIECEOFCAKEENGINE\PIECEOFCAKEENGINE\DEBUG\PIECEOFCAKE.ILK
D:\GITHUB\PIECEOFCAKEENGINE\PIECEOFCAKEENGINE\DEBUG\PIECEOFCAKE.EXE
D:\GITHUB\PIECEOFCAKEENGINE\PIECEOFCAKEENGINE\DEBUG\PIECEOFCAKE.PDB
D:\GitHub\PieceOfCakeEngine\PieceOfCakeEngine\SDLTeste\Debug\main.obj
D:\GitHub\PieceOfCakeEngine\PieceOfCakeEngine\SDLTeste\Debug\PCEngine.obj
D:\GitHub\PieceOfCakeEngine\PieceOfCakeEngine\SDLTeste\Debug\PCEvent.obj
D:\GitHub\PieceOfCakeEngine\PieceOfCakeEngine\SDLTeste\Debug\PCSize.obj
D:\GitHub\PieceOfCakeEngine\PieceOfCakeEngine\SDLTeste\Debug\PCSprite.obj
D:\GitHub\PieceOfCakeEngine\PieceOfCakeEngine\SDLTeste\Debug\PCVec2D.obj
D:\GitHub\PieceOfCakeEngine\PieceOfCakeEngine\SDLTeste\Debug\TicTacToe.obj
D:\GitHub\PieceOfCakeEngine\PieceOfCakeEngine\SDLTeste\Debug\cl.command.1.tlog
D:\GitHub\PieceOfCakeEngine\PieceOfCakeEngine\SDLTeste\Debug\CL.read.1.tlog
D:\GitHub\PieceOfCakeEngine\PieceOfCakeEngine\SDLTeste\Debug\CL.write.1.tlog
D:\GitHub\PieceOfCakeEngine\PieceOfCakeEngine\SDLTeste\Debug\link-cvtres.read.1.tlog
D:\GitHub\PieceOfCakeEngine\PieceOfCakeEngine\SDLTeste\Debug\link-cvtres.write.1.tlog
D:\GitHub\PieceOfCakeEngine\PieceOfCakeEngine\SDLTeste\Debug\link-rc.read.1.tlog
D:\GitHub\PieceOfCakeEngine\PieceOfCakeEngine\SDLTeste\Debug\link-rc.write.1.tlog
D:\GitHub\PieceOfCakeEngine\PieceOfCakeEngine\SDLTeste\Debug\link.10252-cvtres.read.1.tlog
D:\GitHub\PieceOfCakeEngine\PieceOfCakeEngine\SDLTeste\Debug\link.10252-cvtres.write.1.tlog
D:\GitHub\PieceOfCakeEngine\PieceOfCakeEngine\SDLTeste\Debug\link.10252-rc.read.1.tlog
D:\GitHub\PieceOfCakeEngine\PieceOfCakeEngine\SDLTeste\Debug\link.10252-rc.write.1.tlog
D:\GitHub\PieceOfCakeEngine\PieceOfCakeEngine\SDLTeste\Debug\link.10252.read.1.tlog
D:\GitHub\PieceOfCakeEngine\PieceOfCakeEngine\SDLTeste\Debug\link.10252.write.1.tlog
D:\GitHub\PieceOfCakeEngine\PieceOfCakeEngine\SDLTeste\Debug\link.9436-cvtres.read.1.tlog
D:\GitHub\PieceOfCakeEngine\PieceOfCakeEngine\SDLTeste\Debug\link.9436-cvtres.write.1.tlog
D:\GitHub\PieceOfCakeEngine\PieceOfCakeEngine\SDLTeste\Debug\link.9436-rc.read.1.tlog
D:\GitHub\PieceOfCakeEngine\PieceOfCakeEngine\SDLTeste\Debug\link.9436-rc.write.1.tlog
D:\GitHub\PieceOfCakeEngine\PieceOfCakeEngine\SDLTeste\Debug\link.9436.read.1.tlog
D:\GitHub\PieceOfCakeEngine\PieceOfCakeEngine\SDLTeste\Debug\link.9436.write.1.tlog
D:\GitHub\PieceOfCakeEngine\PieceOfCakeEngine\SDLTeste\Debug\link.command.1.tlog
D:\GitHub\PieceOfCakeEngine\PieceOfCakeEngine\SDLTeste\Debug\link.read.1.tlog
D:\GitHub\PieceOfCakeEngine\PieceOfCakeEngine\SDLTeste\Debug\link.write.1.tlog
D:\GitHub\PieceOfCakeEngine\PieceOfCakeEngine\SDLTeste\Debug\vc110.idb
D:\GitHub\PieceOfCakeEngine\PieceOfCakeEngine\SDLTeste\Debug\vc110.pdb
D:\GitHub\PieceOfCakeEngine\PieceOfCakeEngine\Debug\PieceOfCake.pdb
D:\GitHub\PieceOfCakeEngine\PieceOfCakeEngine\Debug\PieceOfCake.exe
D:\GitHub\PieceOfCakeEngine\PieceOfCakeEngine\Debug\PieceOfCake.ilk
